"blank"				"=========================="
"blank"				"Movement"
"blank"				"=========================="
"+forward"			"Move forward"
"+back"				"Move back"
"+left"				"Turn left"
"+right"			"Turn right"
"+moveleft"			"Move left (strafe)"
"+moveright"			"Move right (strafe)"
"+use"				"Use item (Feed)"
"+jump"				"Jump"
"+duck"				"Duck"
"+speed"             		"Walk"
"+moveup"			"Swim up"
"+movedown"			"Swim down"
"+lookup"			"Look up"
"+lookdown"			"Look down"
"centerview"			"Look straight ahead"
"+strafe"			"Strafe modifier"
"+mlook"			"Mouse look modifier"
"+klook"			"Keyboard look modifier"
"blank"				"=========================="
"blank"				"Weapons"
"blank"				"=========================="
"+attack"			"Primary attack"
"+attack2"			"Secondary attack"
"+reload"			"Reload weapon"
"slot1"				"Weapon category 1"
"slot2"				"Weapon category 2"
"slot3" 			"Weapon category 3"
"slot4"				"Weapon category 4"
"slot5"				"Weapon category 5"
"invprev"			"Previous weapon"
"invnext"			"Next weapon"
"lastinv"			"Last used weapon"
"blank"				"=========================="
"blank"				"Miscellaneous"
"blank"				"=========================="
"+showscores"			"Display multiplayer scores"
"messagemode"			"Chat message"
"messagemode2"			"Team message"
"snapshot"			"Take screen shot"
"impulse 100"			"Flashlight"
"impulse 201"			"Spray logo"
"save quick"			"Quick save"
"load quick"			"Quick load"
"pause"				"Pause game"
"+voicerecord"			"Use voice communication"
"kill"				"Kill self"
"changeteam"			"Change team"
"drop"				"Drop current weapon"
"quit"				"Quit game"