"w"			"+forward"
"UPARROW"		"+forward"
"s"			"+back"
"DOWNARROW"		"+back"
"LEFTARROW"		"+left"
"RIGHTARROW"		"+right"
"a"			"+moveleft"
","			"+moveleft"
"d"			"+moveright"
"."			"+moveright"
"SPACE"			"+jump"
"CTRL"			"+duck"
"c"			"+duck"
"TAB"			"+showscores"
"e"			"+use"
"v"			"+moveup"
"'"			"+moveup"
"/"			"+movedown"
"PGUP"			"+lookup"
"PGDN"			"+lookdown"
"END"			"centerview"
"INS"			"+klook"
";"			"+mlook"
"r"			"+reload"
"SHIFT"			"+speed"
"MOUSE1"		"+attack"
"ENTER"			"+attack"
"MOUSE2"		"+attack2"
"f"			"impulse 100"
"1"			"slot1"
"2"			"slot2"
"3"			"slot3"
"4"			"slot4"
"5"			"slot5"
"MWHEELUP"		"invprev"
"["			"invprev"
"MWHEELDOWN"		"invnext"
"]"			"invnext"
"q"			"lastinv"
"F5"			"snapshot"
"F6"			"save quick"
"F7"			"load quick"
"F10"			"quit prompt"
"PAUSE"			"pause"
"ESC"			"ESCAPE"
"~"			"toggleconsole"
"`"			"toggleconsole"
"+"			"sizeup"
"="			"sizeup"
"-"			"sizedown"
"t"			"impulse 201"
"y"			"messagemode"
"u"			"messagemode2"
"g"			"drop"
"m"			"changeteam"
"k"			"kill"
"ALT"			"+voicerecord"
"F12"			"quit"

